801a154c:DCFlushRange
801a1630:ICInvalidateRange
801b7330:TPLBind
801b7464:TPLGetGXTexObjFromPalette
80170e4c:GXLoadTexObj
802759f4:Patch_LoginPrintHeader
80279da4:Patch_WiimmfiURLs
80279e14:Patch_AuthserverHosts
800ee2c0:Patch_WiimmfiHook1
801d4e1c:Patch_WiimmfiHook2
800ec9cc:Patch_AuthServerOverride
800ed788:Patch_HostHeader
80385cb8:DWC_AuthServer
803866cc:SSL_Initialised
801d2414:NETSHA1Init
801d2464:NETSHA1Update
801d2518:NETSHA1GetDigest
80013044:strcpy
8000f238:memcmp
80005f34:memcpy
80006038:memset
801a4de4:OSFatal
800131c0:strcmp
80021178:strlen
8015de6c:DVDConvertPathToEntrynum
8015e1dc:DVDOpen
8015e754:DVDReadPrio
8015e488:DVDClose
80229734:Egg__Heap__Alloc
80229aa4:Egg__Heap__Free
8021989c:EGG__Decomp__getExpandSize
80218b4c:EGG__Decomp__DecodeSZS
80518e88:System__DvdArchive__decompress
801a24f0:OSReport
