801a158c:DCFlushRange
801a1670:ICInvalidateRange
801b7370:TPLBind
801b74a4:TPLGetGXTexObjFromPalette
80170e8c:GXLoadTexObj
80271d14:Patch_LoginPrintHeader
802760c4:Patch_WiimmfiURLs
80276134:Patch_AuthserverHosts
800ee300:Patch_WiimmfiHook1
801d4e5c:Patch_WiimmfiHook2
800eca0c:Patch_AuthServerOverride
800ed7c8:Patch_HostHeader
80381fb8:DWC_AuthServer
803829cc:SSL_Initialised
801d2454:NETSHA1Init
801d24a4:NETSHA1Update
801d2558:NETSHA1GetDigest
800125c0:strcpy
8000e7b4:memcmp
80005f34:memcpy
80006038:memset
801a4e24:OSFatal
8001273c:strcmp
800206f4:strlen
8015deac:DVDConvertPathToEntrynum
8015e21c:DVDOpen
8015e794:DVDReadPrio
8015e4c8:DVDClose
80229490:Egg__Heap__Alloc
80229800:Egg__Heap__Free
802198dc:EGG__Decomp__getExpandSize
80218b8c:EGG__Decomp__DecodeSZS
80515094:System__DvdArchive__decompress
801a2530:OSReport
