801a1988:DCFlushRange
801a1a6c:ICInvalidateRange
801b776c:TPLBind
801b78a0:TPLGetGXTexObjFromPalette
80170fc8:GXLoadTexObj
80263e34:Patch_LoginPrintHeader
802682b4:Patch_WiimmfiURLs
80268324:Patch_AuthserverHosts
800ee418:Patch_WiimmfiHook1
801d5258:Patch_WiimmfiHook2
800ecb24:Patch_AuthServerOverride
800ed8e0:Patch_HostHeader
80374358:DWC_AuthServer
80374d6c:SSL_Initialised
801d2850:NETSHA1Init
801d28a0:NETSHA1Update
801d2954:NETSHA1GetDigest
80013188:strcpy
8000f37c:memcmp
80005f34:memcpy
80006038:memset
801a5220:OSFatal
80013304:strcmp
800212bc:strlen
8015dfc4:DVDConvertPathToEntrynum
8015e334:DVDOpen
8015e8ac:DVDReadPrio
8015e5e0:DVDClose
80229b88:Egg__Heap__Alloc
80229ef8:Egg__Heap__Free
80219cf0:EGG__Decomp__getExpandSize
80218fa0:EGG__Decomp__DecodeSZS
80507528:System__DvdArchive__decompress
801a292c:OSReport
8052fbb0:System__CourseCache__load
