801a162c:DCFlushRange
801a1710:ICInvalidateRange
801b7410:TPLBind
801b7544:TPLGetGXTexObjFromPalette
80170f2c:GXLoadTexObj
80276054:Patch_LoginPrintHeader
8027a404:Patch_WiimmfiURLs
8027a474:Patch_AuthserverHosts
800ee3a0:Patch_WiimmfiHook1
801d4efc:Patch_WiimmfiHook2
800ecaac:Patch_AuthServerOverride
800ed868:Patch_HostHeader
80386338:DWC_AuthServer
80386d4c:SSL_Initialised
801d24f4:NETSHA1Init
801d2544:NETSHA1Update
801d25f8:NETSHA1GetDigest
80013120:strcpy
8000f314:memcmp
80005f34:memcpy
80006038:memset
801a4ec4:OSFatal
8001329c:strcmp
80021254:strlen
8015df4c:DVDConvertPathToEntrynum
8015e2bc:DVDOpen
8015e834:DVDReadPrio
8015e568:DVDClose
80229814:Egg__Heap__Alloc
80229b84:Egg__Heap__Free
8021997c:EGG__Decomp__getExpandSize
80218c2c:EGG__Decomp__DecodeSZS
80519508:System__DvdArchive__decompress
801a25d0:OSReport
